c:\users\admin\documents\_alla mina filer\programmering\rasterizer\rasterizer\release\vc142.pdb
c:\users\admin\documents\_alla mina filer\programmering\rasterizer\rasterizer\release\vector.obj
c:\users\admin\documents\_alla mina filer\programmering\rasterizer\rasterizer\release\transform.obj
c:\users\admin\documents\_alla mina filer\programmering\rasterizer\rasterizer\release\texture.obj
c:\users\admin\documents\_alla mina filer\programmering\rasterizer\rasterizer\release\canvas.obj
c:\users\admin\documents\_alla mina filer\programmering\rasterizer\rasterizer\release\primitivemeshes.obj
c:\users\admin\documents\_alla mina filer\programmering\rasterizer\rasterizer\release\model.obj
c:\users\admin\documents\_alla mina filer\programmering\rasterizer\rasterizer\release\mesh.obj
c:\users\admin\documents\_alla mina filer\programmering\rasterizer\rasterizer\release\matrix.obj
c:\users\admin\documents\_alla mina filer\programmering\rasterizer\rasterizer\release\main.obj
c:\users\admin\documents\_alla mina filer\programmering\rasterizer\rasterizer\release\color.obj
c:\users\admin\documents\_alla mina filer\programmering\rasterizer\rasterizer\release\camera.obj
c:\users\admin\documents\_alla mina filer\programmering\rasterizer\rasterizer\release\assimploader.obj
c:\users\admin\documents\_alla mina filer\programmering\rasterizer\release\rasterizer.exe
c:\users\admin\documents\_alla mina filer\programmering\rasterizer\release\rasterizer.pdb
c:\users\admin\documents\_alla mina filer\programmering\rasterizer\release\rasterizer.lib
c:\users\admin\documents\_alla mina filer\programmering\rasterizer\release\rasterizer.exp
c:\users\admin\documents\_alla mina filer\programmering\rasterizer\release\rasterizer.ipdb
c:\users\admin\documents\_alla mina filer\programmering\rasterizer\release\rasterizer.iobj
c:\users\admin\documents\_alla mina filer\programmering\rasterizer\rasterizer\release\rasterizer.tlog\cl.command.1.tlog
c:\users\admin\documents\_alla mina filer\programmering\rasterizer\rasterizer\release\rasterizer.tlog\cl.read.1.tlog
c:\users\admin\documents\_alla mina filer\programmering\rasterizer\rasterizer\release\rasterizer.tlog\cl.write.1.tlog
c:\users\admin\documents\_alla mina filer\programmering\rasterizer\rasterizer\release\rasterizer.tlog\link.command.1.tlog
c:\users\admin\documents\_alla mina filer\programmering\rasterizer\rasterizer\release\rasterizer.tlog\link.read.1.tlog
c:\users\admin\documents\_alla mina filer\programmering\rasterizer\rasterizer\release\rasterizer.tlog\link.write.1.tlog
c:\users\admin\documents\_alla mina filer\programmering\rasterizer\rasterizer\release\rasterizer.tlog\rasterizer.write.1u.tlog
